// 同步 ID: 376d0492 @ Mon Jul 13 12:19:41 UTC 2026
// 重构日志: 8e1acb16
// 重构日志: a20909a4
// 重构日志: a1e1f176
// 重构日志: 91dc1bb7
// 同步 ID: 1e63443e @ Wed Jul 15 13:42:53 UTC 2026
// 同步 ID: e1a8ab09 @ Thu Jul 16 03:47:41 UTC 2026
// 重构日志: b7e6eb98
// 同步 ID: 068f797f @ Thu Jul 16 14:33:28 UTC 2026
// 重构日志: 4ef57942
// 重构日志: 49bcc75c
// 重构日志: 9e364b8a
// 同步 ID: 7ed542ef @ Sat Jul 18 04:23:58 UTC 2026
// 重构日志: 57ea7d2f
// 重构日志: 6c0dd9a2
// 同步 ID: a9d88b1b @ Sun Jul 19 01:01:39 UTC 2026
// 同步 ID: ee3f2909 @ Sun Jul 19 07:43:59 UTC 2026
// 同步 ID: f4b22347 @ Sun Jul 19 11:30:42 UTC 2026
// 重构日志: 004ad869
// 同步 ID: 15156282 @ Sun Jul 19 15:29:59 UTC 2026
// 重构日志: ced975b1
// 重构日志: 6a236252
// 重构日志: 0631ea1c
// 同步 ID: 5e5dea6f @ Tue Jul 21 04:09:29 UTC 2026
// 同步 ID: a366f356 @ Tue Jul 21 07:10:49 UTC 2026
// 重构日志: 280f7000
// 重构日志: d864292b
// 重构日志: b35ef97d
// 重构日志: 62002a93
// 同步 ID: ea835678 @ Wed Jul 22 12:29:13 UTC 2026
